<?xml version="1.0" encoding="UTF-8"?>
<!-- Generated by org.testng.reporters.JUnitReportReporter -->
<testsuite hostname="Karuna-Temp85" failures="0" tests="1" name="com.qa.testscripts.AddReperationTest" time="26.923" errors="0" timestamp="04 Jul 2023 11:24:55 GMT" skipped="0">
  <testcase classname="com.qa.testscripts.AddReperationTest" name="verifyUserIsAbleToAddReperation" time="26.923"/>
</testsuite> <!-- com.qa.testscripts.AddReperationTest -->
