<?xml version="1.0" encoding="UTF-8"?>
<!-- Generated by org.testng.reporters.JUnitReportReporter -->
<testsuite hostname="Karuna-Temp85" failures="0" tests="1" name="com.qa.testscripts.QuickEmailTest" time="31.338" errors="0" timestamp="30 Jun 2023 10:41:01 GMT" skipped="0">
  <testcase classname="com.qa.testscripts.QuickEmailTest" name="verifyUserIsAbleToSendQuickEmail" time="31.338"/>
</testsuite> <!-- com.qa.testscripts.QuickEmailTest -->
