<?xml version="1.0" encoding="UTF-8"?>
<!-- Generated by org.testng.reporters.JUnitReportReporter -->
<testsuite hostname="Karuna-Temp85" failures="0" tests="2" name="com.qa.testscripts.LoginTest" time="63.647" errors="0" timestamp="30 Jun 2023 16:09:41 GMT" skipped="0">
  <testcase classname="com.qa.testscripts.LoginTest" name="verifyLoginCredentials" time="37.847"/>
  <testcase classname="com.qa.testscripts.LoginTest" name="verifyUserisAbletoLogout" time="25.800"/>
</testsuite> <!-- com.qa.testscripts.LoginTest -->
