<?xml version="1.0" encoding="UTF-8"?>
<!-- Generated by org.testng.reporters.JUnitReportReporter -->
<testsuite hostname="Karuna-Temp85" failures="0" tests="2" name="com.qa.testscripts.AddClientTest" time="66.640" errors="0" timestamp="27 Jun 2023 15:50:33 GMT" skipped="0">
  <testcase classname="com.qa.testscripts.AddClientTest" name="addClientDetailsWithoutClientName" time="28.492"/>
  <testcase classname="com.qa.testscripts.AddClientTest" name="verifyUserAbletoAddClientDetails" time="38.148"/>
</testsuite> <!-- com.qa.testscripts.AddClientTest -->
