<?xml version="1.0" encoding="UTF-8"?>
<!-- Generated by org.testng.reporters.JUnitReportReporter -->
<testsuite hostname="Karuna-Temp85" failures="0" tests="2" name="com.qa.testscripts.AddClientTest" time="112.956" errors="0" timestamp="01 Jul 2023 09:49:45 GMT" skipped="0">
  <testcase classname="com.qa.testscripts.AddClientTest" name="addClientDetailsWithoutClientName" time="77.502"/>
  <testcase classname="com.qa.testscripts.AddClientTest" name="verifyUserAbletoAddClientDetails" time="35.454"/>
</testsuite> <!-- com.qa.testscripts.AddClientTest -->
