<?xml version="1.0" encoding="UTF-8"?>
<!-- Generated by org.testng.reporters.JUnitReportReporter -->
<testsuite hostname="Karuna-Temp85" failures="0" tests="1" name="com.qa.testscripts.QuantityAlertTest" time="75.275" errors="0" timestamp="05 Jul 2023 10:54:38 GMT" skipped="0">
  <testcase classname="com.qa.testscripts.QuantityAlertTest" name="checkNoOfData" time="75.275"/>
</testsuite> <!-- com.qa.testscripts.QuantityAlertTest -->
