<?xml version="1.0" encoding="UTF-8"?>
<!-- Generated by org.testng.reporters.JUnitReportReporter -->
<testsuite hostname="Karuna-Temp85" failures="0" tests="1" name="com.qa.testscripts.SendEmailTest" time="52.690" errors="0" timestamp="28 Jun 2023 14:42:55 GMT" skipped="0">
  <testcase classname="com.qa.testscripts.SendEmailTest" name="sendingEmail" time="52.690"/>
</testsuite> <!-- com.qa.testscripts.SendEmailTest -->
