<?xml version="1.0" encoding="UTF-8"?>
<!-- Generated by org.testng.reporters.JUnitReportReporter -->
<testsuite hostname="Karuna-Temp85" failures="0" tests="5" name="com.qa.testscripts.HomePageTest" time="410.835" errors="0" timestamp="26 Jun 2023 15:26:40 GMT" skipped="0">
  <testcase classname="com.qa.testscripts.HomePageTest" name="verifyNavigateToSendEmail" time="99.497"/>
  <testcase classname="com.qa.testscripts.HomePageTest" name="verifyNavigateToAddClient" time="50.099"/>
  <testcase classname="com.qa.testscripts.HomePageTest" name="verifyNavigateToSendSms" time="110.759"/>
  <testcase classname="com.qa.testscripts.HomePageTest" name="quantityAlerts" time="54.958"/>
  <testcase classname="com.qa.testscripts.HomePageTest" name="verifyNavigateToAddReparation" time="95.522"/>
</testsuite> <!-- com.qa.testscripts.HomePageTest -->
