<?xml version="1.0" encoding="UTF-8"?>
<!-- Generated by org.testng.reporters.JUnitReportReporter -->
<testsuite hostname="Karuna-Temp85" failures="0" tests="2" name="com.qa.testscripts.LoginTest" time="71.195" errors="0" timestamp="28 Jun 2023 15:48:15 GMT" skipped="0">
  <testcase classname="com.qa.testscripts.LoginTest" name="verifyLoginCredentials" time="47.528"/>
  <testcase classname="com.qa.testscripts.LoginTest" name="verifyUserisAbletoLogout" time="23.667"/>
</testsuite> <!-- com.qa.testscripts.LoginTest -->
