<?xml version="1.0" encoding="UTF-8"?>
<!-- Generated by org.testng.reporters.JUnitReportReporter -->
<testsuite hostname="Karuna-Temp85" failures="0" tests="1" name="com.qa.testscripts.ForgotPassWordTest" time="20.847" errors="0" timestamp="30 Jun 2023 16:15:50 GMT" skipped="0">
  <testcase classname="com.qa.testscripts.ForgotPassWordTest" name="verifyUserIsAbleToChangePassword" time="20.847"/>
</testsuite> <!-- com.qa.testscripts.ForgotPassWordTest -->
