<?xml version="1.0" encoding="UTF-8"?>
<!-- Generated by org.testng.reporters.JUnitReportReporter -->
<testsuite hostname="Karuna-Temp85" failures="0" tests="1" name="com.qa.testscripts.SendSmsTest" time="24.967" errors="0" timestamp="05 Jul 2023 10:47:34 GMT" skipped="0">
  <testcase classname="com.qa.testscripts.SendSmsTest" name="sendingSms" time="24.967"/>
</testsuite> <!-- com.qa.testscripts.SendSmsTest -->
