<?xml version="1.0" encoding="UTF-8"?>
<!-- Generated by org.testng.reporters.JUnitReportReporter -->
<testsuite hostname="Karuna-Temp85" failures="0" tests="5" name="com.qa.testscripts.HomePageTest" time="216.151" errors="0" timestamp="05 Jul 2023 07:49:23 GMT" skipped="0">
  <testcase classname="com.qa.testscripts.HomePageTest" name="quantityAlerts" time="43.976"/>
  <testcase classname="com.qa.testscripts.HomePageTest" name="verifyNavigateToAddClient" time="24.578"/>
  <testcase classname="com.qa.testscripts.HomePageTest" name="verifyNavigateToSendEmail" time="29.404"/>
  <testcase classname="com.qa.testscripts.HomePageTest" name="verifyNavigateToAddReparation" time="98.759"/>
  <testcase classname="com.qa.testscripts.HomePageTest" name="verifyNavigateToSendSms" time="19.434"/>
</testsuite> <!-- com.qa.testscripts.HomePageTest -->
