<?xml version="1.0" encoding="UTF-8"?>
<!-- Generated by org.testng.reporters.JUnitReportReporter -->
<testsuite hostname="Karuna-Temp85" failures="0" tests="1" name="com.qa.testscripts.QuantityAlertTest" time="91.562" errors="0" timestamp="30 Jun 2023 10:35:48 GMT" skipped="0">
  <testcase classname="com.qa.testscripts.QuantityAlertTest" name="checkNoOfData" time="91.562"/>
</testsuite> <!-- com.qa.testscripts.QuantityAlertTest -->
