<?xml version="1.0" encoding="UTF-8"?>
<!-- Generated by org.testng.reporters.JUnitReportReporter -->
<testsuite hostname="Karuna-Temp85" failures="0" tests="1" name="com.qa.testscripts.ForgotPassWordTest" time="121.874" errors="0" timestamp="05 Jul 2023 13:55:25 GMT" skipped="0">
  <testcase classname="com.qa.testscripts.ForgotPassWordTest" name="verifyUserIsAbleToChangePassword" time="121.874"/>
</testsuite> <!-- com.qa.testscripts.ForgotPassWordTest -->
