<?xml version="1.0" encoding="UTF-8"?>
<!-- Generated by org.testng.reporters.JUnitReportReporter -->
<testsuite hostname="Karuna-Temp85" failures="0" tests="1" name="com.qa.testscripts.SendEmailTest" time="105.994" errors="0" timestamp="30 Jun 2023 13:34:54 GMT" skipped="0">
  <testcase classname="com.qa.testscripts.SendEmailTest" name="verifyUserIsAbleToSendingEmail" time="105.994"/>
</testsuite> <!-- com.qa.testscripts.SendEmailTest -->
