<?xml version="1.0" encoding="UTF-8"?>
<!-- Generated by org.testng.reporters.JUnitReportReporter -->
<testsuite hostname="Karuna-Temp85" failures="0" tests="2" name="com.qa.testscripts.LoginTest" time="37.908" errors="0" timestamp="05 Jul 2023 14:23:22 GMT" skipped="0">
  <testcase classname="com.qa.testscripts.LoginTest" name="verifyUserisAbletoLogout" time="19.638"/>
  <testcase classname="com.qa.testscripts.LoginTest" name="verifyLoginCredentials" time="18.270"/>
</testsuite> <!-- com.qa.testscripts.LoginTest -->
