<?xml version="1.0" encoding="UTF-8"?>
<!-- Generated by org.testng.reporters.JUnitReportReporter -->
<testsuite hostname="Karuna-Temp85" failures="0" tests="1" name="com.qa.testscripts.QuickEmailTest" time="28.370" errors="0" timestamp="05 Jul 2023 14:23:22 GMT" skipped="0">
  <testcase classname="com.qa.testscripts.QuickEmailTest" name="verifyUserIsAbleToSendQuickEmail" time="28.370"/>
</testsuite> <!-- com.qa.testscripts.QuickEmailTest -->
