<?xml version="1.0" encoding="UTF-8"?>
<!-- Generated by org.testng.reporters.JUnitReportReporter -->
<testsuite hostname="Karuna-Temp85" failures="0" tests="2" name="com.qa.testscripts.AddClientTest" time="61.622" errors="0" timestamp="05 Jul 2023 14:23:22 GMT" skipped="0">
  <testcase classname="com.qa.testscripts.AddClientTest" name="addClientDetailsWithoutClientName" time="25.245"/>
  <testcase classname="com.qa.testscripts.AddClientTest" name="verifyUserAbletoAddClientDetails" time="36.377"/>
</testsuite> <!-- com.qa.testscripts.AddClientTest -->
