<?xml version="1.0" encoding="UTF-8"?>
<!-- Generated by org.testng.reporters.JUnitReportReporter -->
<testsuite hostname="Karuna-Temp85" failures="0" tests="1" name="com.qa.testscripts.QuantityAlertTest" time="23.315" errors="0" timestamp="05 Jul 2023 14:23:22 GMT" skipped="0">
  <testcase classname="com.qa.testscripts.QuantityAlertTest" name="checkNoOfData" time="23.315"/>
</testsuite> <!-- com.qa.testscripts.QuantityAlertTest -->
