<?xml version="1.0" encoding="UTF-8"?>
<!-- Generated by org.testng.reporters.JUnitReportReporter -->
<testsuite hostname="Karuna-Temp85" failures="0" tests="5" name="com.qa.testscripts.HomePageTest" time="183.568" errors="0" timestamp="05 Jul 2023 14:23:22 GMT" skipped="0">
  <testcase classname="com.qa.testscripts.HomePageTest" name="verifyNavigateToAddReparation" time="49.613"/>
  <testcase classname="com.qa.testscripts.HomePageTest" name="verifyNavigateToSendEmail" time="27.734"/>
  <testcase classname="com.qa.testscripts.HomePageTest" name="verifyNavigateToAddClient" time="56.305"/>
  <testcase classname="com.qa.testscripts.HomePageTest" name="verifyNavigateToSendSms" time="20.605"/>
  <testcase classname="com.qa.testscripts.HomePageTest" name="verifyNavigateToQuantityAlerts" time="29.311"/>
</testsuite> <!-- com.qa.testscripts.HomePageTest -->
