<?xml version="1.0" encoding="UTF-8"?>
<!-- Generated by org.testng.reporters.JUnitReportReporter -->
<testsuite hostname="Karuna-Temp85" failures="0" tests="5" name="com.qa.testscripts.HomePageTest" time="332.079" errors="0" timestamp="30 Jun 2023 11:08:48 GMT" skipped="0">
  <testcase classname="com.qa.testscripts.HomePageTest" name="verifyNavigateToSendEmail" time="77.757"/>
  <testcase classname="com.qa.testscripts.HomePageTest" name="quantityAlerts" time="56.676"/>
  <testcase classname="com.qa.testscripts.HomePageTest" name="verifyNavigateToAddReparation" time="70.080"/>
  <testcase classname="com.qa.testscripts.HomePageTest" name="verifyNavigateToSendSms" time="58.173"/>
  <testcase classname="com.qa.testscripts.HomePageTest" name="verifyNavigateToAddClient" time="69.393"/>
</testsuite> <!-- com.qa.testscripts.HomePageTest -->
