<?xml version="1.0" encoding="UTF-8"?>
<!-- Generated by org.testng.reporters.JUnitReportReporter -->
<testsuite hostname="Karuna-Temp85" failures="0" tests="5" name="com.qa.testscripts.LoginTest" time="201.896" errors="0" timestamp="06 Jul 2023 20:32:46 GMT" skipped="0">
  <testcase classname="com.qa.testscripts.LoginTest" name="invalidLoginTest" time="80.967"/>
  <testcase classname="com.qa.testscripts.LoginTest" name="invalidLoginTest" time="38.003"/>
  <testcase classname="com.qa.testscripts.LoginTest" name="verifyLoginCredentials" time="33.421"/>
  <testcase classname="com.qa.testscripts.LoginTest" name="verifyUserisAbletoLogout" time="25.653"/>
  <testcase classname="com.qa.testscripts.LoginTest" name="invalidLoginTest" time="23.852"/>
</testsuite> <!-- com.qa.testscripts.LoginTest -->
