<?xml version="1.0" encoding="UTF-8"?>
<!-- Generated by org.testng.reporters.JUnitReportReporter -->
<testsuite hostname="Karuna-Temp85" failures="0" tests="2" name="com.qa.testscripts.AddClientTest" time="99.070" errors="0" timestamp="06 Jul 2023 10:40:18 GMT" skipped="0">
  <testcase classname="com.qa.testscripts.AddClientTest" name="verifyUserAbletoAddClientDetails" time="54.038"/>
  <testcase classname="com.qa.testscripts.AddClientTest" name="addClientDetailsWithoutClientName" time="45.032"/>
</testsuite> <!-- com.qa.testscripts.AddClientTest -->
