<?xml version="1.0" encoding="UTF-8"?>
<!-- Generated by org.testng.reporters.JUnitReportReporter -->
<testsuite hostname="Karuna-Temp85" failures="0" tests="1" name="com.qa.testscripts.SendSmsTest" time="55.741" errors="0" timestamp="06 Jul 2023 10:40:18 GMT" skipped="0">
  <testcase classname="com.qa.testscripts.SendSmsTest" name="sendingSms" time="55.741"/>
</testsuite> <!-- com.qa.testscripts.SendSmsTest -->
