<?xml version="1.0" encoding="UTF-8"?>
<!-- Generated by org.testng.reporters.JUnitReportReporter -->
<testsuite hostname="Karuna-Temp85" failures="0" tests="1" name="com.qa.testscripts.SendSmsTest" time="68.655" errors="0" timestamp="22 Jun 2023 14:36:53 GMT" skipped="0">
  <testcase classname="com.qa.testscripts.SendSmsTest" name="sendingSms" time="68.655"/>
</testsuite> <!-- com.qa.testscripts.SendSmsTest -->
