<?xml version="1.0" encoding="UTF-8"?>
<!-- Generated by org.testng.reporters.JUnitReportReporter -->
<testsuite hostname="Karuna-Temp85" failures="0" tests="2" name="com.qa.testscripts.LoginTest" time="89.828" errors="0" timestamp="02 Jul 2023 07:11:25 GMT" skipped="0">
  <testcase classname="com.qa.testscripts.LoginTest" name="verifyLoginCredentials" time="27.086"/>
  <testcase classname="com.qa.testscripts.LoginTest" name="verifyUserisAbletoLogout" time="62.742"/>
</testsuite> <!-- com.qa.testscripts.LoginTest -->
